SF:lib\src\models\board.dart
DA:9,2
DA:15,1
DA:20,1
DA:21,1
DA:22,1
DA:23,0
LF:6
LH:5
end_of_record
SF:lib\src\models\task.dart
DA:7,2
DA:13,1
DA:18,1
DA:19,1
DA:20,1
DA:21,0
LF:6
LH:5
end_of_record
SF:lib\src\repositories\isar\isar_board_repository.dart
DA:11,1
DA:13,1
DA:15,2
DA:17,1
DA:18,2
DA:19,1
DA:20,1
DA:21,1
DA:24,1
DA:25,1
DA:28,1
DA:30,2
DA:31,1
DA:32,3
DA:33,2
DA:34,2
DA:35,2
DA:36,1
DA:38,2
LF:19
LH:19
end_of_record
SF:lib\src\repositories\isar\isar_datasource.dart
DA:11,0
DA:12,0
DA:15,0
DA:16,0
DA:17,0
DA:18,0
DA:19,0
DA:21,0
DA:24,0
DA:25,0
DA:26,0
DA:29,0
DA:30,0
DA:31,0
DA:34,0
DA:35,0
DA:36,0
DA:39,0
DA:40,0
DA:41,0
DA:44,0
DA:45,0
DA:46,0
LF:23
LH:0
end_of_record
SF:lib\src\blocs\board_bloc.dart
DA:10,3
DA:11,2
DA:12,2
DA:13,2
DA:14,2
DA:17,1
DA:18,2
DA:20,2
DA:21,2
DA:23,2
DA:27,1
DA:28,1
DA:29,1
DA:32,3
DA:33,2
DA:34,1
DA:38,2
DA:39,2
DA:41,2
DA:45,1
DA:46,1
DA:47,1
DA:51,3
DA:52,2
DA:54,2
DA:57,2
DA:58,2
DA:60,2
DA:64,1
DA:65,1
DA:66,1
DA:70,3
DA:72,2
DA:73,2
DA:74,2
DA:78,4
DA:79,1
DA:81,2
DA:84,2
DA:85,2
DA:87,0
LF:41
LH:40
end_of_record
SF:lib\src\events\board_event.dart
DA:9,1
DA:14,1
DA:19,1
LF:3
LH:3
end_of_record
SF:lib\src\states\board_states.dart
DA:10,1
DA:14,4
DA:20,1
LF:3
LH:3
end_of_record
