SF:lib\src\domain\dtos\route_dto.dart
DA:9,17
DA:11,3
DA:15,1
DA:16,3
DA:17,3
DA:18,3
DA:21,1
DA:22,8
LF:8
LH:8
end_of_record
SF:lib\flutter_modular.dart
DA:43,7
DA:44,14
DA:49,2
DA:50,2
DA:55,2
DA:56,2
DA:62,4
DA:73,1
DA:75,1
DA:76,1
DA:87,1
DA:88,3
DA:90,1
DA:92,1
DA:93,2
DA:95,4
DA:99,1
DA:101,2
DA:104,1
DA:106,1
DA:107,3
DA:111,2
DA:112,3
DA:113,2
DA:114,1
DA:115,1
DA:117,2
DA:118,2
DA:119,1
DA:122,1
DA:124,1
DA:125,4
DA:128,1
DA:130,2
DA:131,1
DA:132,1
DA:133,1
LF:37
LH:37
end_of_record
SF:lib\src\flutter_modular_module.dart
DA:28,24
DA:30,8
DA:31,8
DA:32,8
DA:36,24
DA:38,8
DA:40,16
DA:41,8
DA:43,8
DA:44,8
DA:45,8
DA:46,8
DA:48,8
DA:49,8
DA:50,8
DA:51,8
DA:52,8
DA:53,8
DA:54,8
DA:55,8
DA:56,8
DA:57,8
DA:58,8
DA:59,8
DA:61,16
DA:62,8
DA:65,8
DA:66,24
DA:67,8
DA:69,8
LF:30
LH:30
end_of_record
SF:lib\src\presenter\modular_base.dart
DA:115,4
DA:117,4
DA:119,9
DA:134,1
DA:136,3
DA:138,2
DA:140,6
DA:143,1
DA:145,3
DA:148,3
DA:150,3
DA:151,6
DA:154,4
DA:156,4
DA:157,12
DA:158,3
DA:159,4
DA:161,1
DA:162,2
DA:167,3
DA:168,6
DA:170,8
DA:172,24
DA:179,1
DA:181,1
DA:184,1
DA:186,2
DA:189,1
DA:191,2
DA:194,1
DA:196,4
DA:200,2
DA:201,1
DA:202,1
DA:203,1
DA:206,1
DA:209,1
DA:211,3
DA:214,1
DA:216,3
DA:219,1
DA:221,3
LF:42
LH:42
end_of_record
SF:lib\src\presenter\navigation\modular_page.dart
DA:14,7
DA:20,28
DA:22,2
DA:23,2
DA:25,2
DA:26,2
DA:27,2
DA:31,4
DA:34,8
DA:35,12
DA:37,1
DA:40,8
DA:42,4
DA:43,2
DA:44,2
DA:45,1
DA:46,2
DA:47,1
DA:49,2
DA:50,1
DA:51,1
DA:52,2
DA:54,4
DA:56,4
DA:58,8
DA:59,1
DA:61,2
DA:63,2
DA:66,4
DA:68,8
DA:70,8
DA:72,1
DA:73,1
DA:75,2
DA:76,1
DA:77,2
DA:80,3
DA:81,1
DA:82,1
DA:83,2
DA:85,2
DA:97,1
DA:102,1
DA:108,1
DA:111,1
LF:45
LH:45
end_of_record
SF:lib\src\presenter\navigation\modular_router_delegate.dart
DA:26,8
DA:33,1
DA:34,2
DA:36,4
DA:38,16
DA:39,4
DA:43,4
DA:44,4
DA:45,4
DA:47,4
DA:48,4
DA:52,2
DA:54,2
DA:55,2
DA:58,2
DA:61,2
DA:62,2
DA:66,4
DA:68,4
DA:71,14
DA:72,1
DA:73,8
DA:74,1
DA:75,1
DA:79,4
DA:80,4
DA:82,5
DA:83,2
DA:90,1
DA:92,1
DA:93,1
DA:94,2
DA:98,3
DA:99,1
DA:100,3
DA:101,2
DA:105,1
DA:107,2
DA:108,1
DA:111,1
DA:112,2
DA:116,1
DA:117,1
DA:118,1
DA:119,3
DA:120,3
DA:121,1
DA:122,1
DA:123,2
DA:126,4
DA:127,6
DA:128,1
DA:133,1
DA:136,1
DA:137,2
DA:138,1
DA:140,3
DA:141,2
DA:142,3
DA:144,1
DA:146,3
DA:148,3
DA:150,1
DA:151,6
DA:153,2
DA:155,1
DA:159,5
DA:160,3
DA:163,2
DA:166,1
DA:169,1
DA:175,1
DA:176,2
DA:177,1
DA:178,3
DA:182,4
DA:183,4
DA:184,3
DA:185,1
DA:187,1
DA:189,3
DA:191,1
DA:192,6
DA:194,2
DA:196,1
DA:199,2
DA:202,1
DA:205,1
DA:211,1
DA:212,1
DA:215,1
DA:216,3
DA:218,1
DA:220,3
DA:222,1
DA:224,3
DA:226,1
DA:228,4
DA:229,1
DA:230,1
DA:231,1
DA:233,1
DA:234,1
DA:240,1
DA:241,1
DA:242,3
DA:244,3
DA:248,1
DA:255,1
DA:256,2
DA:259,1
DA:262,3
DA:264,2
DA:266,2
DA:267,1
DA:268,1
DA:269,1
DA:271,1
DA:272,1
DA:281,1
DA:284,3
DA:286,1
DA:289,1
DA:292,1
DA:293,3
DA:295,1
DA:297,3
DA:302,2
DA:304,1
DA:305,1
DA:307,1
DA:308,1
DA:310,1
DA:311,1
DA:313,1
DA:316,1
DA:319,1
DA:320,1
DA:322,1
DA:323,1
DA:325,1
DA:326,1
LF:142
LH:142
end_of_record
SF:lib\src\presenter\navigation\router_outlet_delegate.dart
DA:20,2
DA:23,2
DA:24,4
DA:25,4
DA:26,2
DA:27,1
DA:30,2
DA:32,2
DA:33,2
DA:35,1
DA:36,1
DA:37,1
DA:39,1
DA:40,2
DA:44,1
DA:46,1
LF:16
LH:16
end_of_record
SF:lib\src\presenter\extensions\route_manager_ext.dart
DA:4,3
DA:14,6
DA:26,1
DA:30,2
DA:33,1
DA:39,2
DA:47,1
DA:55,2
DA:65,3
LF:9
LH:9
end_of_record
SF:lib\src\presenter\guards\route_guard.dart
DA:22,2
DA:24,1
DA:27,2
DA:32,6
DA:34,2
DA:35,3
DA:38,4
LF:7
LH:7
end_of_record
SF:lib\src\presenter\models\child_route.dart
DA:8,9
DA:18,18
DA:20,30
DA:23,9
LF:4
LH:4
end_of_record
SF:lib\src\presenter\models\modular_args.dart
DA:22,10
LF:1
LH:1
end_of_record
SF:lib\src\presenter\models\module_route.dart
DA:9,2
DA:17,2
DA:24,2
DA:26,2
DA:42,4
DA:45,2
DA:58,2
DA:62,2
DA:80,2
DA:81,2
DA:82,2
DA:83,2
DA:84,2
DA:85,2
DA:86,1
DA:87,2
DA:88,2
DA:89,2
DA:90,2
DA:91,2
DA:92,1
DA:93,1
DA:94,1
LF:23
LH:23
end_of_record
SF:lib\src\presenter\models\redirect_to_route.dart
DA:10,4
DA:13,4
DA:15,1
LF:3
LH:3
end_of_record
SF:lib\src\presenter\models\route.dart
DA:45,14
DA:61,14
DA:68,13
DA:72,1
DA:82,1
DA:93,4
DA:94,4
DA:97,1
DA:102,1
DA:103,1
DA:106,3
DA:108,6
DA:110,3
DA:112,3
DA:118,1
DA:121,1
DA:122,1
DA:123,2
DA:124,2
DA:125,2
DA:129,4
DA:147,4
DA:148,4
DA:149,4
DA:150,4
DA:151,4
DA:152,4
DA:153,4
DA:154,4
DA:155,4
DA:156,4
DA:157,4
DA:158,4
DA:159,4
DA:160,1
DA:161,4
DA:218,2
LF:37
LH:37
end_of_record
SF:lib\src\presenter\models\wildcard_route.dart
DA:11,2
DA:16,2
LF:2
LH:2
end_of_record
SF:lib\src\presenter\navigation\transitions\page_transition.dart
DA:22,1
DA:30,1
DA:31,1
DA:32,1
DA:37,1
DA:39,1
DA:40,1
DA:42,1
DA:45,2
DA:46,1
DA:47,1
DA:50,2
DA:56,1
DA:57,1
DA:59,1
DA:62,2
DA:63,1
DA:64,1
DA:67,2
DA:72,1
DA:73,1
DA:75,1
DA:78,2
DA:79,1
DA:80,1
DA:83,2
DA:88,1
DA:89,1
DA:91,1
DA:94,2
DA:95,1
DA:96,1
DA:99,2
DA:104,1
DA:105,1
DA:107,1
DA:109,1
DA:117,1
DA:118,1
DA:120,1
DA:121,1
DA:122,1
DA:123,1
DA:129,1
DA:130,1
DA:131,1
DA:132,1
DA:139,1
DA:140,1
DA:141,1
DA:144,2
DA:145,1
DA:146,1
DA:147,1
DA:148,1
DA:151,2
DA:157,1
DA:158,1
DA:159,1
DA:162,2
DA:163,1
DA:164,1
DA:165,1
DA:166,1
DA:169,2
LF:65
LH:65
end_of_record
SF:lib\src\presenter\navigation\transitions\transitions.dart
DA:5,1
DA:11,1
DA:15,1
DA:16,1
DA:18,1
DA:19,1
DA:27,1
DA:29,1
DA:33,1
DA:34,1
DA:40,1
DA:42,1
DA:46,1
DA:47,1
DA:53,1
DA:55,1
DA:59,1
DA:60,1
DA:66,1
DA:68,1
DA:72,1
DA:73,1
DA:79,1
DA:81,1
DA:85,1
DA:86,1
DA:92,1
DA:94,1
DA:98,1
DA:99,1
DA:105,1
DA:107,1
DA:111,1
DA:112,1
DA:118,1
DA:120,1
DA:124,1
DA:125,1
DA:131,1
DA:133,1
DA:137,1
DA:138,1
LF:42
LH:42
end_of_record
SF:lib\src\presenter\widgets\modular_app.dart
DA:18,2
DA:30,2
DA:31,6
DA:33,6
DA:36,2
DA:37,2
DA:41,2
DA:43,2
DA:44,8
DA:45,6
DA:46,4
DA:50,2
DA:52,4
DA:53,10
DA:54,2
DA:55,2
DA:58,2
DA:60,6
DA:68,1
DA:71,1
DA:73,1
DA:76,1
DA:77,3
DA:78,3
DA:80,1
DA:81,5
DA:85,2
DA:86,2
DA:88,1
DA:90,3
DA:92,3
DA:94,1
DA:96,1
DA:98,1
DA:104,1
DA:109,2
DA:110,2
DA:114,4
DA:120,1
DA:122,1
DA:126,1
DA:130,1
DA:132,1
DA:133,4
DA:134,1
DA:135,4
DA:137,1
DA:138,1
DA:141,2
DA:143,4
DA:144,2
DA:147,1
DA:148,1
DA:149,1
DA:150,1
DA:153,1
DA:155,1
DA:156,1
DA:157,1
DA:160,1
DA:162,1
DA:165,2
DA:166,3
DA:167,1
DA:178,1
DA:179,1
DA:183,1
DA:184,1
LF:68
LH:68
end_of_record
SF:lib\src\presenter\widgets\navigation_listener.dart
DA:8,1
DA:9,1
DA:11,1
DA:12,1
DA:16,3
DA:18,1
DA:20,1
DA:21,4
DA:24,1
DA:26,1
DA:27,4
DA:30,1
DA:32,5
LF:13
LH:13
end_of_record
SF:lib\src\domain\errors\errors.dart
DA:4,9
DA:5,1
DA:9,1
DA:10,1
LF:4
LH:4
end_of_record
SF:lib\src\domain\usecases\bind_module.dart
DA:13,9
DA:15,1
DA:17,2
LF:3
LH:3
end_of_record
SF:lib\src\domain\usecases\dispose_bind.dart
DA:13,9
DA:15,1
DA:17,2
LF:3
LH:3
end_of_record
SF:lib\src\domain\usecases\finish_module.dart
DA:13,9
DA:15,3
DA:17,6
LF:3
LH:3
end_of_record
SF:lib\src\domain\usecases\get_arguments.dart
DA:13,9
DA:15,8
DA:17,16
LF:3
LH:3
end_of_record
SF:lib\src\domain\usecases\get_bind.dart
DA:13,9
DA:15,2
DA:17,4
LF:3
LH:3
end_of_record
SF:lib\src\domain\usecases\get_route.dart
DA:14,9
DA:16,4
DA:18,8
LF:3
LH:3
end_of_record
SF:lib\src\domain\usecases\replace_instance.dart
DA:13,9
DA:15,1
DA:17,2
LF:3
LH:3
end_of_record
SF:lib\src\domain\usecases\report_pop.dart
DA:13,9
DA:15,1
DA:17,2
LF:3
LH:3
end_of_record
SF:lib\src\domain\usecases\report_push.dart
DA:13,9
DA:15,4
DA:17,8
LF:3
LH:3
end_of_record
SF:lib\src\domain\usecases\set_arguments.dart
DA:13,9
DA:15,1
DA:17,2
LF:3
LH:3
end_of_record
SF:lib\src\domain\usecases\start_module.dart
DA:13,9
DA:15,4
DA:17,8
LF:3
LH:3
end_of_record
SF:lib\src\domain\usecases\unbind_module.dart
DA:13,9
DA:15,1
DA:17,2
LF:3
LH:3
end_of_record
SF:lib\src\infra\services\bind_service_impl.dart
DA:10,9
DA:12,1
DA:14,2
DA:15,1
DA:18,2
DA:21,4
DA:22,2
DA:23,1
DA:24,3
DA:28,1
DA:30,1
DA:32,1
DA:33,3
DA:34,3
DA:35,1
DA:38,2
DA:41,1
DA:42,1
DA:43,1
DA:44,1
DA:45,1
DA:48,2
DA:49,1
LF:23
LH:23
end_of_record
SF:lib\src\infra\services\module_service_impl.dart
DA:9,9
DA:11,3
DA:13,6
DA:17,4
DA:19,8
DA:23,1
DA:25,2
DA:29,1
DA:31,3
LF:9
LH:9
end_of_record
SF:lib\src\infra\services\route_service_impl.dart
DA:11,9
DA:13,4
DA:15,8
DA:16,4
DA:17,4
DA:18,4
DA:21,4
DA:23,4
DA:27,8
DA:29,24
DA:32,1
DA:34,2
DA:38,1
DA:40,2
DA:44,4
DA:46,8
LF:16
LH:16
end_of_record
SF:lib\src\infra\services\url_service\url_service.dart
DA:8,8
DA:9,8
DA:12,1
DA:13,1
DA:14,1
DA:15,1
DA:17,1
LF:7
LH:7
end_of_record
SF:lib\src\presenter\navigation\modular_route_information_parser.dart
DA:25,8
DA:33,4
DA:37,4
DA:38,4
DA:39,6
DA:41,16
DA:43,1
DA:46,4
DA:49,4
DA:52,4
DA:55,4
DA:57,12
DA:60,4
DA:62,4
DA:65,12
DA:68,1
DA:73,8
DA:74,8
DA:75,8
DA:77,1
DA:78,3
DA:80,1
DA:81,1
DA:82,1
DA:83,2
DA:87,1
DA:88,2
DA:91,2
DA:93,2
DA:94,2
DA:101,4
DA:102,4
DA:103,4
DA:104,16
DA:105,12
DA:106,4
DA:109,4
DA:110,4
DA:111,1
DA:114,4
DA:116,4
DA:117,4
DA:118,4
DA:119,8
DA:120,5
DA:121,2
DA:122,1
DA:123,1
DA:124,2
DA:125,2
DA:126,3
DA:130,4
DA:133,4
DA:135,12
DA:136,5
DA:137,1
DA:143,4
DA:144,3
DA:151,1
LF:59
LH:59
end_of_record
SF:lib\src\infra\services\url_service\io_url_service.dart
DA:4,3
DA:8,8
DA:9,8
LF:3
LH:3
end_of_record
SF:lib\src\presenter\errors\errors.dart
DA:4,1
DA:5,1
DA:9,2
DA:13,2
DA:14,2
LF:5
LH:5
end_of_record
SF:lib\src\presenter\navigation\custom_navigator.dart
DA:8,6
DA:14,6
DA:21,4
DA:22,8
DA:28,4
DA:30,1
DA:33,3
DA:36,1
DA:41,3
DA:45,1
DA:49,3
DA:53,1
DA:58,3
LF:13
LH:13
end_of_record
SF:lib\src\presenter\navigation\modular_book.dart
DA:9,31
DA:11,7
DA:13,6
DA:15,36
DA:16,6
DA:17,18
DA:18,6
DA:19,12
DA:20,24
DA:22,12
DA:23,12
DA:30,1
DA:34,1
DA:35,1
LF:14
LH:14
end_of_record
